<?xml version="1.0" encoding="UTF-8"?>
<!-- Generated by org.testng.reporters.JUnitReportReporter -->
<testsuite skipped="0" hostname="DESKTOP-5215FIQ" name="test.NewTest" tests="1" failures="0" timestamp="22 Feb 2019 02:58:41 GMT" time="0.079" errors="0">
  <testcase name="sample" time="0.079" classname="test.NewTest"/>
</testsuite> <!-- test.NewTest -->
